Change Component Designator: Old Designator=C1 New Designator=C1
Change Component Designator: Old Designator=C3 New Designator=C3
Change Component Designator: Old Designator=C4 New Designator=C4
Change Component Designator: Old Designator=C5 New Designator=C5
Change Component Designator: Old Designator=C6 New Designator=C6
Change Component Designator: Old Designator=C7 New Designator=C7
Change Component Designator: Old Designator=C8 New Designator=C8
Change Component Designator: Old Designator=C10 New Designator=C10
Change Component Designator: Old Designator=C12 New Designator=C12
Change Component Designator: Old Designator=C14 New Designator=C14
Change Component Designator: Old Designator=C15 New Designator=C15
Change Component Designator: Old Designator=C16 New Designator=C16
Change Component Designator: Old Designator=C17 New Designator=C17
Change Component Designator: Old Designator=C18 New Designator=C18
Change Component Designator: Old Designator=C19 New Designator=C19
Change Component Designator: Old Designator=C20 New Designator=C20
Change Component Designator: Old Designator=C21 New Designator=C21
Change Component Designator: Old Designator=C23 New Designator=C23
Change Component Designator: Old Designator=C24 New Designator=C24
Change Component Designator: Old Designator=C25 New Designator=C25
Change Component Designator: Old Designator=C29 New Designator=C29
Change Component Designator: Old Designator=C30 New Designator=C30
Change Component Designator: Old Designator=C31 New Designator=C31
Change Component Designator: Old Designator=C32 New Designator=C32
Change Component Designator: Old Designator=C33 New Designator=C33
Change Component Designator: Old Designator=C34 New Designator=C34
Change Component Designator: Old Designator=C35 New Designator=C35
Change Component Designator: Old Designator=C36 New Designator=C36
Change Component Designator: Old Designator=C37 New Designator=C37
Change Component Designator: Old Designator=C38 New Designator=C38
Change Component Designator: Old Designator=C39 New Designator=C39
Change Component Designator: Old Designator=C40 New Designator=C40
Change Component Designator: Old Designator=C41 New Designator=C41
Change Component Designator: Old Designator=C42 New Designator=C42
Change Component Designator: Old Designator=C43 New Designator=C43
Change Component Designator: Old Designator=D2 New Designator=D2
Change Component Designator: Old Designator=D3 New Designator=D3
Change Component Designator: Old Designator=JP1 New Designator=JP1
Change Component Designator: Old Designator=JP2 New Designator=JP2
Change Component Designator: Old Designator=JP3 New Designator=JP3
Change Component Designator: Old Designator=JP4 New Designator=JP4
Change Component Designator: Old Designator=JP5 New Designator=JP5
Change Component Designator: Old Designator=L1 New Designator=L1
Change Component Designator: Old Designator=L2 New Designator=L2
Change Component Designator: Old Designator=L3 New Designator=L3
Change Component Designator: Old Designator=L4 New Designator=L4
Change Component Designator: Old Designator=L5 New Designator=L5
Change Component Designator: Old Designator=L7 New Designator=L7
Change Component Designator: Old Designator=L8 New Designator=L8
Change Component Designator: Old Designator=L9 New Designator=L9
Change Component Designator: Old Designator=L10 New Designator=L10
Change Component Designator: Old Designator=L11 New Designator=L11
Change Component Designator: Old Designator=L12 New Designator=L12
Change Component Designator: Old Designator=R1 New Designator=R1
Change Component Designator: Old Designator=R2 New Designator=R2
Change Component Designator: Old Designator=R4 New Designator=R4
Change Component Designator: Old Designator=R5 New Designator=R5
Change Component Designator: Old Designator=R6 New Designator=R6
Change Component Designator: Old Designator=R7 New Designator=R7
Change Component Designator: Old Designator=R8 New Designator=R8
Change Component Designator: Old Designator=R9 New Designator=R9
Change Component Designator: Old Designator=R10 New Designator=R10
Change Component Designator: Old Designator=R11 New Designator=R11
Change Component Designator: Old Designator=R12 New Designator=R12
Change Component Designator: Old Designator=R13 New Designator=R13
Change Component Designator: Old Designator=R14 New Designator=R14
Change Component Designator: Old Designator=R15 New Designator=R15
Change Component Designator: Old Designator=R16 New Designator=R16
Change Component Designator: Old Designator=R17 New Designator=R17
Change Component Designator: Old Designator=R18 New Designator=R18
Change Component Designator: Old Designator=R19 New Designator=R19
Change Component Designator: Old Designator=R21 New Designator=R21
Change Component Designator: Old Designator=R23 New Designator=R23
Change Component Designator: Old Designator=R24 New Designator=R24
Change Component Designator: Old Designator=R25 New Designator=R25
Change Component Designator: Old Designator=R26 New Designator=R26
Change Component Designator: Old Designator=R27 New Designator=R27
Change Component Designator: Old Designator=R28 New Designator=R28
Change Component Designator: Old Designator=R29 New Designator=R29
Change Component Designator: Old Designator=R30 New Designator=R30
Change Component Designator: Old Designator=R31 New Designator=R31
Change Component Designator: Old Designator=R32 New Designator=R32
Change Component Designator: Old Designator=U1 New Designator=U1
Change Component Designator: Old Designator=U2 New Designator=U2
Change Component Designator: Old Designator=U4 New Designator=U4
Change Component Designator: Old Designator=U5 New Designator=U5
Change Component Designator: Old Designator=U6 New Designator=U6
Change Component Designator: Old Designator=U7 New Designator=U7
