Change Component Designator: Old Designator=C2 New Designator=C2
Change Component Designator: Old Designator=C3 New Designator=C3
Change Component Designator: Old Designator=C8 New Designator=C8
Change Component Designator: Old Designator=C12 New Designator=C12
Change Component Designator: Old Designator=C23 New Designator=C23
Change Component Designator: Old Designator=C26 New Designator=C26
Change Component Designator: Old Designator=C28 New Designator=C28
Change Component Designator: Old Designator=D1 New Designator=D1
Change Component Designator: Old Designator=D2 New Designator=D2
Change Component Designator: Old Designator=D3 New Designator=D3
Change Component Designator: Old Designator=D4 New Designator=D4
Change Component Designator: Old Designator=F1 New Designator=F1
Change Component Designator: Old Designator=J1 New Designator=J1
Change Component Designator: Old Designator=J2 New Designator=J2
Change Component Designator: Old Designator=J4 New Designator=J4
Change Component Designator: Old Designator=L1 New Designator=L1
Change Component Designator: Old Designator=R1 New Designator=R1
Change Component Designator: Old Designator=R2 New Designator=R2
Change Component Designator: Old Designator=R6 New Designator=R6
Change Component Designator: Old Designator=TR1 New Designator=TR1
Change Component Designator: Old Designator=U3 New Designator=U3
