Removed Pin From Net: NetName=+12V Pin=RE1_1-7
Removed Pin From Net: NetName=+12V Pin=RE1_2-7
Removed Pin From Net: NetName=+12V Pin=RE2_1-7
Removed Pin From Net: NetName=+12V Pin=RE2_2-7
Added Component: Designator=D2_1(SOT23-BAV99)
Added Component: Designator=D2_2(SOT23-BAV99)
Added Component: Designator=Q1(TSOP6)
Added Component: Designator=R33(R0805)
Added Component: Designator=R34(R0805)
Added Pin To Net: NetName=GND Pin=D2_1-2
Added Pin To Net: NetName=GND Pin=D2_2-2
Added Pin To Net: NetName=NetC3_2 Pin=Q1-1
Added Pin To Net: NetName=NetC3_2 Pin=Q1-2
Added Pin To Net: NetName=NetC3_2 Pin=Q1-5
Added Pin To Net: NetName=NetC3_2 Pin=R33-1
Added Pin To Net: NetName=+5V Pin=R34-2
Added Pin To Net: NetName=NetQ1_3 Pin=Q1-3
Added Pin To Net: NetName=NetQ1_3 Pin=R33-2
Added Pin To Net: NetName=NetQ1_3 Pin=R34-1
Added Net: Name=NetQ1_3
Added Pin To Net: NetName=REL Pin=D2_1-1
Added Pin To Net: NetName=REL Pin=D2_2-1
Added Pin To Net: NetName=REL Pin=Q1-4
Added Pin To Net: NetName=REL Pin=RE1_1-7
Added Pin To Net: NetName=REL Pin=RE1_2-7
Added Pin To Net: NetName=REL Pin=RE2_1-7
Added Pin To Net: NetName=REL Pin=RE2_2-7
Added Net: Name=REL
Added Member To Class: ClassName=1 Member=Component D2_1 (D2) BAV99
Added Member To Class: ClassName=2 Member=Component D2_2 (D2) BAV99
Added Member To Class: ClassName=DS214SD Member=Component Q1 IRF5810
Added Member To Class: ClassName=DS214SD Member=Component R33 10K
Added Member To Class: ClassName=DS214SD Member=Component R34 10K
Added Room: Name=DS214SD
