Added Component: Designator=C1(C100N)
Added Component: Designator=C2(C0805)
Added Component: Designator=C3(C0805)
Added Component: Designator=C4(C0805)
Added Component: Designator=C5(CPOL75L)
Added Component: Designator=C6(CPOL25)
Added Component: Designator=C7(CPOL25)
Added Component: Designator=C8_1(C0402)
Added Component: Designator=C8_2(C0402)
Added Component: Designator=C9_1(C0402)
Added Component: Designator=C9_2(C0402)
Added Component: Designator=C10_1(C0402)
Added Component: Designator=C10_2(C0402)
Added Component: Designator=C11_1(C0402)
Added Component: Designator=C11_2(C0402)
Added Component: Designator=C12_1(C0402)
Added Component: Designator=C12_2(C0402)
Added Component: Designator=C13_1(C0402)
Added Component: Designator=C13_2(C0402)
Added Component: Designator=C14_1(C0402)
Added Component: Designator=C14_2(C0402)
Added Component: Designator=C15_1(C0402)
Added Component: Designator=C15_2(C0402)
Added Component: Designator=C16_1(C0402)
Added Component: Designator=C16_2(C0402)
Added Component: Designator=C17_1(C0402)
Added Component: Designator=C17_2(C0402)
Added Component: Designator=C18_1(C0402)
Added Component: Designator=C18_2(C0402)
Added Component: Designator=C19_1(C0402)
Added Component: Designator=C19_2(C0402)
Added Component: Designator=C20_1(C0402)
Added Component: Designator=C20_2(C0402)
Added Component: Designator=C21_1(C0402)
Added Component: Designator=C21_2(C0402)
Added Component: Designator=C22_1(C0402)
Added Component: Designator=C22_2(C0402)
Added Component: Designator=C23_1(C0402)
Added Component: Designator=C23_2(C0402)
Added Component: Designator=C24_1(C0402)
Added Component: Designator=C24_2(C0402)
Added Component: Designator=C25_1(C0402)
Added Component: Designator=C25_2(C0402)
Added Component: Designator=C26_1(C0402)
Added Component: Designator=C26_2(C0402)
Added Component: Designator=C27_1(C0402)
Added Component: Designator=C27_2(C0402)
Added Component: Designator=C28_1(C0805)
Added Component: Designator=C28_2(C0805)
Added Component: Designator=C29_1(C0402)
Added Component: Designator=C29_2(C0402)
Added Component: Designator=C30_1(C0402)
Added Component: Designator=C30_2(C0402)
Added Component: Designator=C31_1(C0805)
Added Component: Designator=C31_2(C0805)
Added Component: Designator=C32_1(TA1206)
Added Component: Designator=C32_2(TA1206)
Added Component: Designator=C33_1(TA1206)
Added Component: Designator=C33_2(TA1206)
Added Component: Designator=C34_1(C0805)
Added Component: Designator=C34_2(C0805)
Added Component: Designator=C35_1(C0805)
Added Component: Designator=C35_2(C0805)
Added Component: Designator=C36_1(C0805)
Added Component: Designator=C36_2(C0805)
Added Component: Designator=C37_1(C0805)
Added Component: Designator=C37_2(C0805)
Added Component: Designator=C38_1(C0805)
Added Component: Designator=C38_2(C0805)
Added Component: Designator=C39_1(C0805)
Added Component: Designator=C39_2(C0805)
Added Component: Designator=C40_1(C0805)
Added Component: Designator=C40_2(C0805)
Added Component: Designator=C41_1(C0805)
Added Component: Designator=C41_2(C0805)
Added Component: Designator=C42_1(C0805)
Added Component: Designator=C42_2(C0805)
Added Component: Designator=D1(SDIP)
Added Component: Designator=D2_1(LED3M)
Added Component: Designator=D2_2(LED3M)
Added Component: Designator=D3_1(D0805)
Added Component: Designator=D3_2(D0805)
Added Component: Designator=D4_1(D0805)
Added Component: Designator=D4_2(D0805)
Added Component: Designator=F1(FUSE)
Added Component: Designator=J1(MINIFIT4)
Added Component: Designator=J2(MAINS3P)
Added Component: Designator=J3(2SIP100)
Added Component: Designator=JP1_1(BNC_RJ)
Added Component: Designator=JP1_2(BNC_RJ)
Added Component: Designator=JP2_1(BNC_RJ)
Added Component: Designator=JP2_2(BNC_RJ)
Added Component: Designator=JP3_1(BNC_RJ)
Added Component: Designator=JP3_2(BNC_RJ)
Added Component: Designator=JP4_1(BNC_RJ)
Added Component: Designator=JP4_2(BNC_RJ)
Added Component: Designator=JP5_1(BNC_RJ)
Added Component: Designator=JP5_2(BNC_RJ)
Added Component: Designator=L1(L050)
Added Component: Designator=L2_1(L0805)
Added Component: Designator=L2_2(L0805)
Added Component: Designator=L3_1(L0805)
Added Component: Designator=L3_2(L0805)
Added Component: Designator=L4_1(L0805)
Added Component: Designator=L4_2(L0805)
Added Component: Designator=L5_1(L0805)
Added Component: Designator=L5_2(L0805)
Added Component: Designator=L6_1(L0805)
Added Component: Designator=L6_2(L0805)
Added Component: Designator=L7_1(L0805)
Added Component: Designator=L7_2(L0805)
Added Component: Designator=L8_1(L0805)
Added Component: Designator=L8_2(L0805)
Added Component: Designator=L9_1(L0805)
Added Component: Designator=L9_2(L0805)
Added Component: Designator=L10_1(L0805)
Added Component: Designator=L10_2(L0805)
Added Component: Designator=L11_1(L0805)
Added Component: Designator=L11_2(L0805)
Added Component: Designator=L12_1(L0805)
Added Component: Designator=L12_2(L0805)
Added Component: Designator=R1(R0805)
Added Component: Designator=R2(R0805)
Added Component: Designator=R3(R0805)
Added Component: Designator=R4_1(R0805)
Added Component: Designator=R4_2(R0805)
Added Component: Designator=R5_1(R0805)
Added Component: Designator=R5_2(R0805)
Added Component: Designator=R6_1(R0805)
Added Component: Designator=R6_2(R0805)
Added Component: Designator=R7_1(R0805)
Added Component: Designator=R7_2(R0805)
Added Component: Designator=R8_1(R0805)
Added Component: Designator=R8_2(R0805)
Added Component: Designator=R9_1(R0805)
Added Component: Designator=R9_2(R0805)
Added Component: Designator=R10_1(R0805)
Added Component: Designator=R10_2(R0805)
Added Component: Designator=R11_1(R0402)
Added Component: Designator=R11_2(R0402)
Added Component: Designator=R12_1(R0402)
Added Component: Designator=R12_2(R0402)
Added Component: Designator=R13_1(R0805)
Added Component: Designator=R13_2(R0805)
Added Component: Designator=R14_1(R0805)
Added Component: Designator=R14_2(R0805)
Added Component: Designator=R15_1(R0805)
Added Component: Designator=R15_2(R0805)
Added Component: Designator=R16_1(R0402)
Added Component: Designator=R16_2(R0402)
Added Component: Designator=R17_1(R0402)
Added Component: Designator=R17_2(R0402)
Added Component: Designator=R18_1(R0402)
Added Component: Designator=R18_2(R0402)
Added Component: Designator=R19_1(R0402)
Added Component: Designator=R19_2(R0402)
Added Component: Designator=R20_1(R0402)
Added Component: Designator=R20_2(R0402)
Added Component: Designator=R21_1(R0402)
Added Component: Designator=R21_2(R0402)
Added Component: Designator=R22_1(R0402)
Added Component: Designator=R22_2(R0402)
Added Component: Designator=R23_1(R0402)
Added Component: Designator=R23_2(R0402)
Added Component: Designator=R24_1(R0402)
Added Component: Designator=R24_2(R0402)
Added Component: Designator=R25_1(R0402)
Added Component: Designator=R25_2(R0402)
Added Component: Designator=R26_1(R0402)
Added Component: Designator=R26_2(R0402)
Added Component: Designator=R27_1(R0402)
Added Component: Designator=R27_2(R0402)
Added Component: Designator=R28_1(R0402)
Added Component: Designator=R28_2(R0402)
Added Component: Designator=R29_1(R0805)
Added Component: Designator=R29_2(R0805)
Added Component: Designator=R30_1(R0805)
Added Component: Designator=R30_2(R0805)
Added Component: Designator=R31_1(R0805)
Added Component: Designator=R31_2(R0805)
Added Component: Designator=R32_1(R0805)
Added Component: Designator=R32_2(R0805)
Added Component: Designator=RE1_1(RELAY RK)
Added Component: Designator=RE1_2(RELAY RK)
Added Component: Designator=RE2_1(RELAY RK)
Added Component: Designator=RE2_2(RELAY RK)
Added Component: Designator=TR1(TR14VA)
Added Component: Designator=U1(PT5101A-LOW)
Added Component: Designator=U2_1(SO-14)
Added Component: Designator=U2_2(SO-14)
Added Component: Designator=U3_1(PLCC-28)
Added Component: Designator=U3_2(PLCC-28)
Added Component: Designator=U4_1(SO-8)
Added Component: Designator=U4_2(SO-8)
Added Component: Designator=U5_1(SO-8)
Added Component: Designator=U5_2(SO-8)
Added Component: Designator=U6_1(SO-8)
Added Component: Designator=U6_2(SO-8)
Added Component: Designator=U7_1(SO-8)
Added Component: Designator=U7_2(SO-8)
Added Pin To Net: NetName=+5V Pin=C4-2
Added Pin To Net: NetName=+5V Pin=C7-1
Added Pin To Net: NetName=+5V Pin=C8_1-2
Added Pin To Net: NetName=+5V Pin=C8_2-2
Added Pin To Net: NetName=+5V Pin=C19_1-2
Added Pin To Net: NetName=+5V Pin=C19_2-2
Added Pin To Net: NetName=+5V Pin=C24_1-2
Added Pin To Net: NetName=+5V Pin=C24_2-2
Added Pin To Net: NetName=+5V Pin=C25_1-2
Added Pin To Net: NetName=+5V Pin=C25_2-2
Added Pin To Net: NetName=+5V Pin=C26_1-2
Added Pin To Net: NetName=+5V Pin=C26_2-2
Added Pin To Net: NetName=+5V Pin=C27_1-2
Added Pin To Net: NetName=+5V Pin=C27_2-2
Added Pin To Net: NetName=+5V Pin=D2_1-1
Added Pin To Net: NetName=+5V Pin=D2_2-1
Added Pin To Net: NetName=+5V Pin=L3_1-1
Added Pin To Net: NetName=+5V Pin=L3_2-1
Added Pin To Net: NetName=+5V Pin=L4_1-2
Added Pin To Net: NetName=+5V Pin=L4_2-2
Added Pin To Net: NetName=+5V Pin=L5_1-1
Added Pin To Net: NetName=+5V Pin=L5_2-1
Added Pin To Net: NetName=+5V Pin=L6_1-1
Added Pin To Net: NetName=+5V Pin=L6_2-1
Added Pin To Net: NetName=+5V Pin=L7_1-1
Added Pin To Net: NetName=+5V Pin=L7_2-1
Added Pin To Net: NetName=+5V Pin=L8_1-1
Added Pin To Net: NetName=+5V Pin=L8_2-1
Added Pin To Net: NetName=+5V Pin=R3-1
Added Pin To Net: NetName=+5V Pin=U1-3
Added Net: Name=+5V
Added Pin To Net: NetName=+12V Pin=C5-1
Added Pin To Net: NetName=+12V Pin=D1-1
Added Pin To Net: NetName=+12V Pin=L1-1
Added Pin To Net: NetName=+12V Pin=RE1_1-7
Added Pin To Net: NetName=+12V Pin=RE1_2-7
Added Pin To Net: NetName=+12V Pin=RE2_1-7
Added Pin To Net: NetName=+12V Pin=RE2_2-7
Added Net: Name=+12V
Added Pin To Net: NetName=GND Pin=C3-1
Added Pin To Net: NetName=GND Pin=C4-1
Added Pin To Net: NetName=GND Pin=C5-2
Added Pin To Net: NetName=GND Pin=C6-2
Added Pin To Net: NetName=GND Pin=C7-2
Added Pin To Net: NetName=GND Pin=C8_1-1
Added Pin To Net: NetName=GND Pin=C8_2-1
Added Pin To Net: NetName=GND Pin=C9_1-1
Added Pin To Net: NetName=GND Pin=C9_2-1
Added Pin To Net: NetName=GND Pin=C11_1-1
Added Pin To Net: NetName=GND Pin=C11_2-1
Added Pin To Net: NetName=GND Pin=C12_1-1
Added Pin To Net: NetName=GND Pin=C12_2-1
Added Pin To Net: NetName=GND Pin=C13_1-1
Added Pin To Net: NetName=GND Pin=C13_2-1
Added Pin To Net: NetName=GND Pin=C14_1-1
Added Pin To Net: NetName=GND Pin=C14_2-1
Added Pin To Net: NetName=GND Pin=C15_1-1
Added Pin To Net: NetName=GND Pin=C15_2-1
Added Pin To Net: NetName=GND Pin=C16_1-1
Added Pin To Net: NetName=GND Pin=C16_2-1
Added Pin To Net: NetName=GND Pin=C17_1-1
Added Pin To Net: NetName=GND Pin=C17_2-1
Added Pin To Net: NetName=GND Pin=C18_1-1
Added Pin To Net: NetName=GND Pin=C18_2-1
Added Pin To Net: NetName=GND Pin=C19_1-1
Added Pin To Net: NetName=GND Pin=C19_2-1
Added Pin To Net: NetName=GND Pin=C20_1-1
Added Pin To Net: NetName=GND Pin=C20_2-1
Added Pin To Net: NetName=GND Pin=C21_1-1
Added Pin To Net: NetName=GND Pin=C21_2-1
Added Pin To Net: NetName=GND Pin=C22_1-1
Added Pin To Net: NetName=GND Pin=C22_2-1
Added Pin To Net: NetName=GND Pin=C23_1-1
Added Pin To Net: NetName=GND Pin=C23_2-1
Added Pin To Net: NetName=GND Pin=C24_1-1
Added Pin To Net: NetName=GND Pin=C24_2-1
Added Pin To Net: NetName=GND Pin=C25_1-1
Added Pin To Net: NetName=GND Pin=C25_2-1
Added Pin To Net: NetName=GND Pin=C26_1-1
Added Pin To Net: NetName=GND Pin=C26_2-1
Added Pin To Net: NetName=GND Pin=C27_1-1
Added Pin To Net: NetName=GND Pin=C27_2-1
Added Pin To Net: NetName=GND Pin=C28_1-1
Added Pin To Net: NetName=GND Pin=C28_2-1
Added Pin To Net: NetName=GND Pin=C32_1-2
Added Pin To Net: NetName=GND Pin=C32_2-2
Added Pin To Net: NetName=GND Pin=C33_1-2
Added Pin To Net: NetName=GND Pin=C33_2-2
Added Pin To Net: NetName=GND Pin=C35_1-1
Added Pin To Net: NetName=GND Pin=C35_2-1
Added Pin To Net: NetName=GND Pin=C36_1-1
Added Pin To Net: NetName=GND Pin=C36_2-1
Added Pin To Net: NetName=GND Pin=C37_1-1
Added Pin To Net: NetName=GND Pin=C37_2-1
Added Pin To Net: NetName=GND Pin=C38_1-1
Added Pin To Net: NetName=GND Pin=C38_2-1
Added Pin To Net: NetName=GND Pin=D1-2
Added Pin To Net: NetName=GND Pin=J3-2
Added Pin To Net: NetName=GND Pin=JP1_1-2
Added Pin To Net: NetName=GND Pin=JP1_2-2
Added Pin To Net: NetName=GND Pin=JP2_1-2
Added Pin To Net: NetName=GND Pin=JP2_2-2
Added Pin To Net: NetName=GND Pin=JP3_1-2
Added Pin To Net: NetName=GND Pin=JP3_2-2
Added Pin To Net: NetName=GND Pin=JP4_1-2
Added Pin To Net: NetName=GND Pin=JP4_2-2
Added Pin To Net: NetName=GND Pin=JP5_1-2
Added Pin To Net: NetName=GND Pin=JP5_2-2
Added Pin To Net: NetName=GND Pin=L2_1-2
Added Pin To Net: NetName=GND Pin=L2_2-2
Added Pin To Net: NetName=GND Pin=R1-1
Added Pin To Net: NetName=GND Pin=R2-1
Added Pin To Net: NetName=GND Pin=R14_1-2
Added Pin To Net: NetName=GND Pin=R14_2-2
Added Pin To Net: NetName=GND Pin=R15_1-2
Added Pin To Net: NetName=GND Pin=R15_2-2
Added Pin To Net: NetName=GND Pin=R16_1-1
Added Pin To Net: NetName=GND Pin=R16_2-1
Added Pin To Net: NetName=GND Pin=R29_1-1
Added Pin To Net: NetName=GND Pin=R29_2-1
Added Pin To Net: NetName=GND Pin=R30_1-1
Added Pin To Net: NetName=GND Pin=R30_2-1
Added Pin To Net: NetName=GND Pin=R31_1-1
Added Pin To Net: NetName=GND Pin=R31_2-1
Added Pin To Net: NetName=GND Pin=R32_1-1
Added Pin To Net: NetName=GND Pin=R32_2-1
Added Pin To Net: NetName=GND Pin=RE1_1-1
Added Pin To Net: NetName=GND Pin=RE1_1-9
Added Pin To Net: NetName=GND Pin=RE1_1-10
Added Pin To Net: NetName=GND Pin=RE1_1-12
Added Pin To Net: NetName=GND Pin=RE1_1-13
Added Pin To Net: NetName=GND Pin=RE1_2-1
Added Pin To Net: NetName=GND Pin=RE1_2-9
Added Pin To Net: NetName=GND Pin=RE1_2-10
Added Pin To Net: NetName=GND Pin=RE1_2-12
Added Pin To Net: NetName=GND Pin=RE1_2-13
Added Pin To Net: NetName=GND Pin=RE2_1-1
Added Pin To Net: NetName=GND Pin=RE2_1-9
Added Pin To Net: NetName=GND Pin=RE2_1-10
Added Pin To Net: NetName=GND Pin=RE2_1-12
Added Pin To Net: NetName=GND Pin=RE2_1-13
Added Pin To Net: NetName=GND Pin=RE2_2-1
Added Pin To Net: NetName=GND Pin=RE2_2-9
Added Pin To Net: NetName=GND Pin=RE2_2-10
Added Pin To Net: NetName=GND Pin=RE2_2-12
Added Pin To Net: NetName=GND Pin=RE2_2-13
Added Pin To Net: NetName=GND Pin=U1-2
Added Pin To Net: NetName=GND Pin=U2_1-2
Added Pin To Net: NetName=GND Pin=U2_1-6
Added Pin To Net: NetName=GND Pin=U2_2-2
Added Pin To Net: NetName=GND Pin=U2_2-6
Added Pin To Net: NetName=GND Pin=U3_1-1
Added Pin To Net: NetName=GND Pin=U3_1-7
Added Pin To Net: NetName=GND Pin=U3_1-8
Added Pin To Net: NetName=GND Pin=U3_1-10
Added Pin To Net: NetName=GND Pin=U3_1-11
Added Pin To Net: NetName=GND Pin=U3_1-15
Added Pin To Net: NetName=GND Pin=U3_1-19
Added Pin To Net: NetName=GND Pin=U3_1-21
Added Pin To Net: NetName=GND Pin=U3_1-27
Added Pin To Net: NetName=GND Pin=U3_1-28
Added Pin To Net: NetName=GND Pin=U3_2-1
Added Pin To Net: NetName=GND Pin=U3_2-7
Added Pin To Net: NetName=GND Pin=U3_2-8
Added Pin To Net: NetName=GND Pin=U3_2-10
Added Pin To Net: NetName=GND Pin=U3_2-11
Added Pin To Net: NetName=GND Pin=U3_2-15
Added Pin To Net: NetName=GND Pin=U3_2-19
Added Pin To Net: NetName=GND Pin=U3_2-21
Added Pin To Net: NetName=GND Pin=U3_2-27
Added Pin To Net: NetName=GND Pin=U3_2-28
Added Pin To Net: NetName=GND Pin=U4_1-3
Added Pin To Net: NetName=GND Pin=U4_1-5
Added Pin To Net: NetName=GND Pin=U4_2-3
Added Pin To Net: NetName=GND Pin=U4_2-5
Added Pin To Net: NetName=GND Pin=U5_1-3
Added Pin To Net: NetName=GND Pin=U5_1-5
Added Pin To Net: NetName=GND Pin=U5_2-3
Added Pin To Net: NetName=GND Pin=U5_2-5
Added Pin To Net: NetName=GND Pin=U6_1-3
Added Pin To Net: NetName=GND Pin=U6_1-5
Added Pin To Net: NetName=GND Pin=U6_2-3
Added Pin To Net: NetName=GND Pin=U6_2-5
Added Pin To Net: NetName=GND Pin=U7_1-3
Added Pin To Net: NetName=GND Pin=U7_1-5
Added Pin To Net: NetName=GND Pin=U7_2-3
Added Pin To Net: NetName=GND Pin=U7_2-5
Added Net: Name=GND
Added Pin To Net: NetName=GNE Pin=C2-2
Added Pin To Net: NetName=GNE Pin=J2-2
Added Pin To Net: NetName=GNE Pin=R1-2
Added Net: Name=GNE
Added Pin To Net: NetName=NetC1_1 Pin=C1-1
Added Pin To Net: NetName=NetC1_1 Pin=J1-4
Added Pin To Net: NetName=NetC1_1 Pin=TR1-6
Added Net: Name=NetC1_1
Added Pin To Net: NetName=NetC1_2 Pin=C1-2
Added Pin To Net: NetName=NetC1_2 Pin=C1-2
Added Pin To Net: NetName=NetC1_2 Pin=J1-2
Added Pin To Net: NetName=NetC1_2 Pin=TR1-1
Added Net: Name=NetC1_2
Added Pin To Net: NetName=NetC2_1 Pin=C2-1
Added Pin To Net: NetName=NetC2_1 Pin=R2-2
Added Net: Name=NetC2_1
Added Pin To Net: NetName=NetC3_2 Pin=C3-2
Added Pin To Net: NetName=NetC3_2 Pin=C6-1
Added Pin To Net: NetName=NetC3_2 Pin=L1-2
Added Pin To Net: NetName=NetC3_2 Pin=U1-1
Added Net: Name=NetC3_2
Added Pin To Net: NetName=NetC9_1_2 Pin=C9_1-2
Added Pin To Net: NetName=NetC9_1_2 Pin=C10_1-1
Added Pin To Net: NetName=NetC9_1_2 Pin=U2_1-1
Added Net: Name=NetC9_1_2
Added Pin To Net: NetName=NetC9_2_2 Pin=C9_2-2
Added Pin To Net: NetName=NetC9_2_2 Pin=C10_2-1
Added Pin To Net: NetName=NetC9_2_2 Pin=U2_2-1
Added Net: Name=NetC9_2_2
Added Pin To Net: NetName=NetC10_1_2 Pin=C10_1-2
Added Pin To Net: NetName=NetC10_1_2 Pin=U2_1-14
Added Net: Name=NetC10_1_2
Added Pin To Net: NetName=NetC10_2_2 Pin=C10_2-2
Added Pin To Net: NetName=NetC10_2_2 Pin=U2_2-14
Added Net: Name=NetC10_2_2
Added Pin To Net: NetName=NetC11_1_2 Pin=C11_1-2
Added Pin To Net: NetName=NetC11_1_2 Pin=C12_1-2
Added Pin To Net: NetName=NetC11_1_2 Pin=C32_1-1
Added Pin To Net: NetName=NetC11_1_2 Pin=D3_1-1
Added Pin To Net: NetName=NetC11_1_2 Pin=L3_1-2
Added Pin To Net: NetName=NetC11_1_2 Pin=U2_1-3
Added Pin To Net: NetName=NetC11_1_2 Pin=U2_1-7
Added Net: Name=NetC11_1_2
Added Pin To Net: NetName=NetC11_2_2 Pin=C11_2-2
Added Pin To Net: NetName=NetC11_2_2 Pin=C12_2-2
Added Pin To Net: NetName=NetC11_2_2 Pin=C32_2-1
Added Pin To Net: NetName=NetC11_2_2 Pin=D3_2-1
Added Pin To Net: NetName=NetC11_2_2 Pin=L3_2-2
Added Pin To Net: NetName=NetC11_2_2 Pin=U2_2-3
Added Pin To Net: NetName=NetC11_2_2 Pin=U2_2-7
Added Net: Name=NetC11_2_2
Added Pin To Net: NetName=NetC13_1_2 Pin=C13_1-2
Added Pin To Net: NetName=NetC13_1_2 Pin=U3_1-17
Added Net: Name=NetC13_1_2
Added Pin To Net: NetName=NetC13_2_2 Pin=C13_2-2
Added Pin To Net: NetName=NetC13_2_2 Pin=U3_2-17
Added Net: Name=NetC13_2_2
Added Pin To Net: NetName=NetC14_1_2 Pin=C14_1-2
Added Pin To Net: NetName=NetC14_1_2 Pin=D3_1-2
Added Pin To Net: NetName=NetC14_1_2 Pin=R17_1-1
Added Pin To Net: NetName=NetC14_1_2 Pin=R18_1-1
Added Net: Name=NetC14_1_2
Added Pin To Net: NetName=NetC14_2_2 Pin=C14_2-2
Added Pin To Net: NetName=NetC14_2_2 Pin=D3_2-2
Added Pin To Net: NetName=NetC14_2_2 Pin=R17_2-1
Added Pin To Net: NetName=NetC14_2_2 Pin=R18_2-1
Added Net: Name=NetC14_2_2
Added Pin To Net: NetName=NetC15_1_2 Pin=C15_1-2
Added Pin To Net: NetName=NetC15_1_2 Pin=C17_1-2
Added Pin To Net: NetName=NetC15_1_2 Pin=C18_1-2
Added Pin To Net: NetName=NetC15_1_2 Pin=C33_1-1
Added Pin To Net: NetName=NetC15_1_2 Pin=D4_1-1
Added Pin To Net: NetName=NetC15_1_2 Pin=L4_1-1
Added Pin To Net: NetName=NetC15_1_2 Pin=U3_1-4
Added Pin To Net: NetName=NetC15_1_2 Pin=U3_1-9
Added Pin To Net: NetName=NetC15_1_2 Pin=U3_1-18
Added Pin To Net: NetName=NetC15_1_2 Pin=U3_1-20
Added Pin To Net: NetName=NetC15_1_2 Pin=U3_1-26
Added Net: Name=NetC15_1_2
Added Pin To Net: NetName=NetC15_2_2 Pin=C15_2-2
Added Pin To Net: NetName=NetC15_2_2 Pin=C17_2-2
Added Pin To Net: NetName=NetC15_2_2 Pin=C18_2-2
Added Pin To Net: NetName=NetC15_2_2 Pin=C33_2-1
Added Pin To Net: NetName=NetC15_2_2 Pin=D4_2-1
Added Pin To Net: NetName=NetC15_2_2 Pin=L4_2-1
Added Pin To Net: NetName=NetC15_2_2 Pin=U3_2-4
Added Pin To Net: NetName=NetC15_2_2 Pin=U3_2-9
Added Pin To Net: NetName=NetC15_2_2 Pin=U3_2-18
Added Pin To Net: NetName=NetC15_2_2 Pin=U3_2-20
Added Pin To Net: NetName=NetC15_2_2 Pin=U3_2-26
Added Net: Name=NetC15_2_2
Added Pin To Net: NetName=NetC16_1_2 Pin=C16_1-2
Added Pin To Net: NetName=NetC16_1_2 Pin=D4_1-2
Added Pin To Net: NetName=NetC16_1_2 Pin=R19_1-1
Added Pin To Net: NetName=NetC16_1_2 Pin=R20_1-1
Added Net: Name=NetC16_1_2
Added Pin To Net: NetName=NetC16_2_2 Pin=C16_2-2
Added Pin To Net: NetName=NetC16_2_2 Pin=D4_2-2
Added Pin To Net: NetName=NetC16_2_2 Pin=R19_2-1
Added Pin To Net: NetName=NetC16_2_2 Pin=R20_2-1
Added Net: Name=NetC16_2_2
Added Pin To Net: NetName=NetC20_1_2 Pin=C20_1-2
Added Pin To Net: NetName=NetC20_1_2 Pin=C35_1-2
Added Pin To Net: NetName=NetC20_1_2 Pin=L5_1-2
Added Pin To Net: NetName=NetC20_1_2 Pin=R21_1-1
Added Pin To Net: NetName=NetC20_1_2 Pin=R25_1-1
Added Pin To Net: NetName=NetC20_1_2 Pin=U4_1-8
Added Net: Name=NetC20_1_2
Added Pin To Net: NetName=NetC20_2_2 Pin=C20_2-2
Added Pin To Net: NetName=NetC20_2_2 Pin=C35_2-2
Added Pin To Net: NetName=NetC20_2_2 Pin=L5_2-2
Added Pin To Net: NetName=NetC20_2_2 Pin=R21_2-1
Added Pin To Net: NetName=NetC20_2_2 Pin=R25_2-1
Added Pin To Net: NetName=NetC20_2_2 Pin=U4_2-8
Added Net: Name=NetC20_2_2
Added Pin To Net: NetName=NetC21_1_2 Pin=C21_1-2
Added Pin To Net: NetName=NetC21_1_2 Pin=C36_1-2
Added Pin To Net: NetName=NetC21_1_2 Pin=L6_1-2
Added Pin To Net: NetName=NetC21_1_2 Pin=R22_1-1
Added Pin To Net: NetName=NetC21_1_2 Pin=R26_1-1
Added Pin To Net: NetName=NetC21_1_2 Pin=U5_1-8
Added Net: Name=NetC21_1_2
Added Pin To Net: NetName=NetC21_2_2 Pin=C21_2-2
Added Pin To Net: NetName=NetC21_2_2 Pin=C36_2-2
Added Pin To Net: NetName=NetC21_2_2 Pin=L6_2-2
Added Pin To Net: NetName=NetC21_2_2 Pin=R22_2-1
Added Pin To Net: NetName=NetC21_2_2 Pin=R26_2-1
Added Pin To Net: NetName=NetC21_2_2 Pin=U5_2-8
Added Net: Name=NetC21_2_2
Added Pin To Net: NetName=NetC22_1_2 Pin=C22_1-2
Added Pin To Net: NetName=NetC22_1_2 Pin=C37_1-2
Added Pin To Net: NetName=NetC22_1_2 Pin=L7_1-2
Added Pin To Net: NetName=NetC22_1_2 Pin=R23_1-1
Added Pin To Net: NetName=NetC22_1_2 Pin=R27_1-1
Added Pin To Net: NetName=NetC22_1_2 Pin=U6_1-8
Added Net: Name=NetC22_1_2
Added Pin To Net: NetName=NetC22_2_2 Pin=C22_2-2
Added Pin To Net: NetName=NetC22_2_2 Pin=C37_2-2
Added Pin To Net: NetName=NetC22_2_2 Pin=L7_2-2
Added Pin To Net: NetName=NetC22_2_2 Pin=R23_2-1
Added Pin To Net: NetName=NetC22_2_2 Pin=R27_2-1
Added Pin To Net: NetName=NetC22_2_2 Pin=U6_2-8
Added Net: Name=NetC22_2_2
Added Pin To Net: NetName=NetC23_1_2 Pin=C23_1-2
Added Pin To Net: NetName=NetC23_1_2 Pin=C38_1-2
Added Pin To Net: NetName=NetC23_1_2 Pin=L8_1-2
Added Pin To Net: NetName=NetC23_1_2 Pin=R24_1-1
Added Pin To Net: NetName=NetC23_1_2 Pin=R28_1-1
Added Pin To Net: NetName=NetC23_1_2 Pin=U7_1-8
Added Net: Name=NetC23_1_2
Added Pin To Net: NetName=NetC23_2_2 Pin=C23_2-2
Added Pin To Net: NetName=NetC23_2_2 Pin=C38_2-2
Added Pin To Net: NetName=NetC23_2_2 Pin=L8_2-2
Added Pin To Net: NetName=NetC23_2_2 Pin=R24_2-1
Added Pin To Net: NetName=NetC23_2_2 Pin=R28_2-1
Added Pin To Net: NetName=NetC23_2_2 Pin=U7_2-8
Added Net: Name=NetC23_2_2
Added Pin To Net: NetName=NetC28_1_2 Pin=C28_1-2
Added Pin To Net: NetName=NetC28_1_2 Pin=U3_1-2
Added Net: Name=NetC28_1_2
Added Pin To Net: NetName=NetC28_2_2 Pin=C28_2-2
Added Pin To Net: NetName=NetC28_2_2 Pin=U3_2-2
Added Net: Name=NetC28_2_2
Added Pin To Net: NetName=NetC29_1_1 Pin=C29_1-1
Added Pin To Net: NetName=NetC29_1_1 Pin=R5_1-1
Added Net: Name=NetC29_1_1
Added Pin To Net: NetName=NetC29_1_2 Pin=C29_1-2
Added Pin To Net: NetName=NetC29_1_2 Pin=U2_1-4
Added Net: Name=NetC29_1_2
Added Pin To Net: NetName=NetC29_2_1 Pin=C29_2-1
Added Pin To Net: NetName=NetC29_2_1 Pin=R5_2-1
Added Net: Name=NetC29_2_1
Added Pin To Net: NetName=NetC29_2_2 Pin=C29_2-2
Added Pin To Net: NetName=NetC29_2_2 Pin=U2_2-4
Added Net: Name=NetC29_2_2
Added Pin To Net: NetName=NetC30_1_1 Pin=C30_1-1
Added Pin To Net: NetName=NetC30_1_1 Pin=R14_1-1
Added Net: Name=NetC30_1_1
Added Pin To Net: NetName=NetC30_1_2 Pin=C30_1-2
Added Pin To Net: NetName=NetC30_1_2 Pin=U2_1-5
Added Net: Name=NetC30_1_2
Added Pin To Net: NetName=NetC30_2_1 Pin=C30_2-1
Added Pin To Net: NetName=NetC30_2_1 Pin=R14_2-1
Added Net: Name=NetC30_2_1
Added Pin To Net: NetName=NetC30_2_2 Pin=C30_2-2
Added Pin To Net: NetName=NetC30_2_2 Pin=U2_2-5
Added Net: Name=NetC30_2_2
Added Pin To Net: NetName=NetC31_1_1 Pin=C31_1-1
Added Pin To Net: NetName=NetC31_1_1 Pin=R10_1-2
Added Pin To Net: NetName=NetC31_1_1 Pin=U3_1-12
Added Net: Name=NetC31_1_1
Added Pin To Net: NetName=NetC31_1_2 Pin=C31_1-2
Added Pin To Net: NetName=NetC31_1_2 Pin=C34_1-2
Added Pin To Net: NetName=NetC31_1_2 Pin=U3_1-14
Added Net: Name=NetC31_1_2
Added Pin To Net: NetName=NetC31_2_1 Pin=C31_2-1
Added Pin To Net: NetName=NetC31_2_1 Pin=R10_2-2
Added Pin To Net: NetName=NetC31_2_1 Pin=U3_2-12
Added Net: Name=NetC31_2_1
Added Pin To Net: NetName=NetC31_2_2 Pin=C31_2-2
Added Pin To Net: NetName=NetC31_2_2 Pin=C34_2-2
Added Pin To Net: NetName=NetC31_2_2 Pin=U3_2-14
Added Net: Name=NetC31_2_2
Added Pin To Net: NetName=NetC34_1_1 Pin=C34_1-1
Added Pin To Net: NetName=NetC34_1_1 Pin=R10_1-1
Added Pin To Net: NetName=NetC34_1_1 Pin=U3_1-13
Added Net: Name=NetC34_1_1
Added Pin To Net: NetName=NetC34_2_1 Pin=C34_2-1
Added Pin To Net: NetName=NetC34_2_1 Pin=R10_2-1
Added Pin To Net: NetName=NetC34_2_1 Pin=U3_2-13
Added Net: Name=NetC34_2_1
Added Pin To Net: NetName=NetC39_1_1 Pin=C39_1-1
Added Pin To Net: NetName=NetC39_1_1 Pin=RE2_1-14
Added Net: Name=NetC39_1_1
Added Pin To Net: NetName=NetC39_1_2 Pin=C39_1-2
Added Pin To Net: NetName=NetC39_1_2 Pin=L9_1-2
Added Pin To Net: NetName=NetC39_1_2 Pin=R6_1-2
Added Net: Name=NetC39_1_2
Added Pin To Net: NetName=NetC39_2_1 Pin=C39_2-1
Added Pin To Net: NetName=NetC39_2_1 Pin=RE2_2-14
Added Net: Name=NetC39_2_1
Added Pin To Net: NetName=NetC39_2_2 Pin=C39_2-2
Added Pin To Net: NetName=NetC39_2_2 Pin=L9_2-2
Added Pin To Net: NetName=NetC39_2_2 Pin=R6_2-2
Added Net: Name=NetC39_2_2
Added Pin To Net: NetName=NetC40_1_1 Pin=C40_1-1
Added Pin To Net: NetName=NetC40_1_1 Pin=JP3_1-1
Added Net: Name=NetC40_1_1
Added Pin To Net: NetName=NetC40_1_2 Pin=C40_1-2
Added Pin To Net: NetName=NetC40_1_2 Pin=L10_1-2
Added Pin To Net: NetName=NetC40_1_2 Pin=R7_1-2
Added Net: Name=NetC40_1_2
Added Pin To Net: NetName=NetC40_2_1 Pin=C40_2-1
Added Pin To Net: NetName=NetC40_2_1 Pin=JP3_2-1
Added Net: Name=NetC40_2_1
Added Pin To Net: NetName=NetC40_2_2 Pin=C40_2-2
Added Pin To Net: NetName=NetC40_2_2 Pin=L10_2-2
Added Pin To Net: NetName=NetC40_2_2 Pin=R7_2-2
Added Net: Name=NetC40_2_2
Added Pin To Net: NetName=NetC41_1_1 Pin=C41_1-1
Added Pin To Net: NetName=NetC41_1_1 Pin=JP4_1-1
Added Net: Name=NetC41_1_1
Added Pin To Net: NetName=NetC41_1_2 Pin=C41_1-2
Added Pin To Net: NetName=NetC41_1_2 Pin=L11_1-2
Added Pin To Net: NetName=NetC41_1_2 Pin=R8_1-2
Added Net: Name=NetC41_1_2
Added Pin To Net: NetName=NetC41_2_1 Pin=C41_2-1
Added Pin To Net: NetName=NetC41_2_1 Pin=JP4_2-1
Added Net: Name=NetC41_2_1
Added Pin To Net: NetName=NetC41_2_2 Pin=C41_2-2
Added Pin To Net: NetName=NetC41_2_2 Pin=L11_2-2
Added Pin To Net: NetName=NetC41_2_2 Pin=R8_2-2
Added Net: Name=NetC41_2_2
Added Pin To Net: NetName=NetC42_1_1 Pin=C42_1-1
Added Pin To Net: NetName=NetC42_1_1 Pin=JP5_1-1
Added Net: Name=NetC42_1_1
Added Pin To Net: NetName=NetC42_1_2 Pin=C42_1-2
Added Pin To Net: NetName=NetC42_1_2 Pin=L12_1-2
Added Pin To Net: NetName=NetC42_1_2 Pin=R9_1-2
Added Net: Name=NetC42_1_2
Added Pin To Net: NetName=NetC42_2_1 Pin=C42_2-1
Added Pin To Net: NetName=NetC42_2_1 Pin=JP5_2-1
Added Net: Name=NetC42_2_1
Added Pin To Net: NetName=NetC42_2_2 Pin=C42_2-2
Added Pin To Net: NetName=NetC42_2_2 Pin=L12_2-2
Added Pin To Net: NetName=NetC42_2_2 Pin=R9_2-2
Added Net: Name=NetC42_2_2
Added Pin To Net: NetName=NetD1_3 Pin=D1-3
Added Pin To Net: NetName=NetD1_3 Pin=TR1-14
Added Pin To Net: NetName=NetD1_3 Pin=TR1-17
Added Net: Name=NetD1_3
Added Pin To Net: NetName=NetD1_4 Pin=D1-4
Added Pin To Net: NetName=NetD1_4 Pin=TR1-12
Added Pin To Net: NetName=NetD1_4 Pin=TR1-19
Added Net: Name=NetD1_4
Added Pin To Net: NetName=NetD2_1_2 Pin=D2_1-2
Added Pin To Net: NetName=NetD2_1_2 Pin=R13_1-2
Added Net: Name=NetD2_1_2
Added Pin To Net: NetName=NetD2_2_2 Pin=D2_2-2
Added Pin To Net: NetName=NetD2_2_2 Pin=R13_2-2
Added Net: Name=NetD2_2_2
Added Pin To Net: NetName=NetF1_1 Pin=F1-1
Added Pin To Net: NetName=NetF1_1 Pin=F1-1
Added Pin To Net: NetName=NetF1_1 Pin=J2-1
Added Net: Name=NetF1_1
Added Pin To Net: NetName=NetF1_2 Pin=F1-2
Added Pin To Net: NetName=NetF1_2 Pin=F1-2
Added Pin To Net: NetName=NetF1_2 Pin=J1-3
Added Net: Name=NetF1_2
Added Pin To Net: NetName=NetJ1_1 Pin=J1-1
Added Pin To Net: NetName=NetJ1_1 Pin=J2-3
Added Net: Name=NetJ1_1
Added Pin To Net: NetName=NetJ3_1 Pin=J3-1
Added Pin To Net: NetName=NetJ3_1 Pin=R3-2
Added Net: Name=NetJ3_1
Added Pin To Net: NetName=NetJP1_1_1 Pin=JP1_1-1
Added Pin To Net: NetName=NetJP1_1_1 Pin=RE1_1-11
Added Net: Name=NetJP1_1_1
Added Pin To Net: NetName=NetJP1_2_1 Pin=JP1_2-1
Added Pin To Net: NetName=NetJP1_2_1 Pin=RE1_2-11
Added Net: Name=NetJP1_2_1
Added Pin To Net: NetName=NetJP2_1_1 Pin=JP2_1-1
Added Pin To Net: NetName=NetJP2_1_1 Pin=RE2_1-11
Added Net: Name=NetJP2_1_1
Added Pin To Net: NetName=NetJP2_2_1 Pin=JP2_2-1
Added Pin To Net: NetName=NetJP2_2_1 Pin=RE2_2-11
Added Net: Name=NetJP2_2_1
Added Pin To Net: NetName=NetL2_1_1 Pin=L2_1-1
Added Pin To Net: NetName=NetL2_1_1 Pin=R4_1-1
Added Net: Name=NetL2_1_1
Added Pin To Net: NetName=NetL2_2_1 Pin=L2_2-1
Added Pin To Net: NetName=NetL2_2_1 Pin=R4_2-1
Added Net: Name=NetL2_2_1
Added Pin To Net: NetName=NetL9_1_1 Pin=L9_1-1
Added Pin To Net: NetName=NetL9_1_1 Pin=R6_1-1
Added Pin To Net: NetName=NetL9_1_1 Pin=R25_1-2
Added Pin To Net: NetName=NetL9_1_1 Pin=U4_1-2
Added Net: Name=NetL9_1_1
Added Pin To Net: NetName=NetL9_2_1 Pin=L9_2-1
Added Pin To Net: NetName=NetL9_2_1 Pin=R6_2-1
Added Pin To Net: NetName=NetL9_2_1 Pin=R25_2-2
Added Pin To Net: NetName=NetL9_2_1 Pin=U4_2-2
Added Net: Name=NetL9_2_1
Added Pin To Net: NetName=NetL10_1_1 Pin=L10_1-1
Added Pin To Net: NetName=NetL10_1_1 Pin=R7_1-1
Added Pin To Net: NetName=NetL10_1_1 Pin=R26_1-2
Added Pin To Net: NetName=NetL10_1_1 Pin=U5_1-2
Added Net: Name=NetL10_1_1
Added Pin To Net: NetName=NetL10_2_1 Pin=L10_2-1
Added Pin To Net: NetName=NetL10_2_1 Pin=R7_2-1
Added Pin To Net: NetName=NetL10_2_1 Pin=R26_2-2
Added Pin To Net: NetName=NetL10_2_1 Pin=U5_2-2
Added Net: Name=NetL10_2_1
Added Pin To Net: NetName=NetL11_1_1 Pin=L11_1-1
Added Pin To Net: NetName=NetL11_1_1 Pin=R8_1-1
Added Pin To Net: NetName=NetL11_1_1 Pin=R27_1-2
Added Pin To Net: NetName=NetL11_1_1 Pin=U6_1-2
Added Net: Name=NetL11_1_1
Added Pin To Net: NetName=NetL11_2_1 Pin=L11_2-1
Added Pin To Net: NetName=NetL11_2_1 Pin=R8_2-1
Added Pin To Net: NetName=NetL11_2_1 Pin=R27_2-2
Added Pin To Net: NetName=NetL11_2_1 Pin=U6_2-2
Added Net: Name=NetL11_2_1
Added Pin To Net: NetName=NetL12_1_1 Pin=L12_1-1
Added Pin To Net: NetName=NetL12_1_1 Pin=R9_1-1
Added Pin To Net: NetName=NetL12_1_1 Pin=R28_1-2
Added Pin To Net: NetName=NetL12_1_1 Pin=U7_1-2
Added Net: Name=NetL12_1_1
Added Pin To Net: NetName=NetL12_2_1 Pin=L12_2-1
Added Pin To Net: NetName=NetL12_2_1 Pin=R9_2-1
Added Pin To Net: NetName=NetL12_2_1 Pin=R28_2-2
Added Pin To Net: NetName=NetL12_2_1 Pin=U7_2-2
Added Net: Name=NetL12_2_1
Added Pin To Net: NetName=NetR4_1_2 Pin=R4_1-2
Added Pin To Net: NetName=NetR4_1_2 Pin=R5_1-2
Added Pin To Net: NetName=NetR4_1_2 Pin=RE1_1-8
Added Net: Name=NetR4_1_2
Added Pin To Net: NetName=NetR4_2_2 Pin=R4_2-2
Added Pin To Net: NetName=NetR4_2_2 Pin=R5_2-2
Added Pin To Net: NetName=NetR4_2_2 Pin=RE1_2-8
Added Net: Name=NetR4_2_2
Added Pin To Net: NetName=NetR11_1_1 Pin=R11_1-1
Added Pin To Net: NetName=NetR11_1_1 Pin=R17_1-2
Added Pin To Net: NetName=NetR11_1_1 Pin=U2_1-10
Added Pin To Net: NetName=NetR11_1_1 Pin=U3_1-6
Added Net: Name=NetR11_1_1
Added Pin To Net: NetName=NetR11_1_2 Pin=R11_1-2
Added Pin To Net: NetName=NetR11_1_2 Pin=R18_1-2
Added Pin To Net: NetName=NetR11_1_2 Pin=U2_1-11
Added Pin To Net: NetName=NetR11_1_2 Pin=U3_1-5
Added Net: Name=NetR11_1_2
Added Pin To Net: NetName=NetR11_2_1 Pin=R11_2-1
Added Pin To Net: NetName=NetR11_2_1 Pin=R17_2-2
Added Pin To Net: NetName=NetR11_2_1 Pin=U2_2-10
Added Pin To Net: NetName=NetR11_2_1 Pin=U3_2-6
Added Net: Name=NetR11_2_1
Added Pin To Net: NetName=NetR11_2_2 Pin=R11_2-2
Added Pin To Net: NetName=NetR11_2_2 Pin=R18_2-2
Added Pin To Net: NetName=NetR11_2_2 Pin=U2_2-11
Added Pin To Net: NetName=NetR11_2_2 Pin=U3_2-5
Added Net: Name=NetR11_2_2
Added Pin To Net: NetName=NetR12_1_1 Pin=R12_1-1
Added Pin To Net: NetName=NetR12_1_1 Pin=R19_1-2
Added Pin To Net: NetName=NetR12_1_1 Pin=U3_1-24
Added Pin To Net: NetName=NetR12_1_1 Pin=U4_1-6
Added Pin To Net: NetName=NetR12_1_1 Pin=U5_1-6
Added Pin To Net: NetName=NetR12_1_1 Pin=U6_1-6
Added Pin To Net: NetName=NetR12_1_1 Pin=U7_1-6
Added Net: Name=NetR12_1_1
Added Pin To Net: NetName=NetR12_1_2 Pin=R12_1-2
Added Pin To Net: NetName=NetR12_1_2 Pin=R20_1-2
Added Pin To Net: NetName=NetR12_1_2 Pin=U3_1-25
Added Pin To Net: NetName=NetR12_1_2 Pin=U4_1-7
Added Pin To Net: NetName=NetR12_1_2 Pin=U5_1-7
Added Pin To Net: NetName=NetR12_1_2 Pin=U6_1-7
Added Pin To Net: NetName=NetR12_1_2 Pin=U7_1-7
Added Net: Name=NetR12_1_2
Added Pin To Net: NetName=NetR12_2_1 Pin=R12_2-1
Added Pin To Net: NetName=NetR12_2_1 Pin=R19_2-2
Added Pin To Net: NetName=NetR12_2_1 Pin=U3_2-24
Added Pin To Net: NetName=NetR12_2_1 Pin=U4_2-6
Added Pin To Net: NetName=NetR12_2_1 Pin=U5_2-6
Added Pin To Net: NetName=NetR12_2_1 Pin=U6_2-6
Added Pin To Net: NetName=NetR12_2_1 Pin=U7_2-6
Added Net: Name=NetR12_2_1
Added Pin To Net: NetName=NetR12_2_2 Pin=R12_2-2
Added Pin To Net: NetName=NetR12_2_2 Pin=R20_2-2
Added Pin To Net: NetName=NetR12_2_2 Pin=U3_2-25
Added Pin To Net: NetName=NetR12_2_2 Pin=U4_2-7
Added Pin To Net: NetName=NetR12_2_2 Pin=U5_2-7
Added Pin To Net: NetName=NetR12_2_2 Pin=U6_2-7
Added Pin To Net: NetName=NetR12_2_2 Pin=U7_2-7
Added Net: Name=NetR12_2_2
Added Pin To Net: NetName=NetR13_1_1 Pin=R13_1-1
Added Pin To Net: NetName=NetR13_1_1 Pin=U3_1-3
Added Net: Name=NetR13_1_1
Added Pin To Net: NetName=NetR13_2_1 Pin=R13_2-1
Added Pin To Net: NetName=NetR13_2_1 Pin=U3_2-3
Added Net: Name=NetR13_2_1
Added Pin To Net: NetName=NetR15_1_1 Pin=R15_1-1
Added Pin To Net: NetName=NetR15_1_1 Pin=U3_1-16
Added Net: Name=NetR15_1_1
Added Pin To Net: NetName=NetR15_2_1 Pin=R15_2-1
Added Pin To Net: NetName=NetR15_2_1 Pin=U3_2-16
Added Net: Name=NetR15_2_1
Added Pin To Net: NetName=NetR16_1_2 Pin=R16_1-2
Added Pin To Net: NetName=NetR16_1_2 Pin=U2_1-9
Added Net: Name=NetR16_1_2
Added Pin To Net: NetName=NetR16_2_2 Pin=R16_2-2
Added Pin To Net: NetName=NetR16_2_2 Pin=U2_2-9
Added Net: Name=NetR16_2_2
Added Pin To Net: NetName=NetR21_1_2 Pin=R21_1-2
Added Pin To Net: NetName=NetR21_1_2 Pin=U4_1-1
Added Net: Name=NetR21_1_2
Added Pin To Net: NetName=NetR21_2_2 Pin=R21_2-2
Added Pin To Net: NetName=NetR21_2_2 Pin=U4_2-1
Added Net: Name=NetR21_2_2
Added Pin To Net: NetName=NetR22_1_2 Pin=R22_1-2
Added Pin To Net: NetName=NetR22_1_2 Pin=U5_1-1
Added Net: Name=NetR22_1_2
Added Pin To Net: NetName=NetR22_2_2 Pin=R22_2-2
Added Pin To Net: NetName=NetR22_2_2 Pin=U5_2-1
Added Net: Name=NetR22_2_2
Added Pin To Net: NetName=NetR23_1_2 Pin=R23_1-2
Added Pin To Net: NetName=NetR23_1_2 Pin=U6_1-1
Added Net: Name=NetR23_1_2
Added Pin To Net: NetName=NetR23_2_2 Pin=R23_2-2
Added Pin To Net: NetName=NetR23_2_2 Pin=U6_2-1
Added Net: Name=NetR23_2_2
Added Pin To Net: NetName=NetR24_1_2 Pin=R24_1-2
Added Pin To Net: NetName=NetR24_1_2 Pin=U7_1-1
Added Net: Name=NetR24_1_2
Added Pin To Net: NetName=NetR24_2_2 Pin=R24_2-2
Added Pin To Net: NetName=NetR24_2_2 Pin=U7_2-1
Added Net: Name=NetR24_2_2
Added Pin To Net: NetName=NetR29_1_2 Pin=R29_1-2
Added Pin To Net: NetName=NetR29_1_2 Pin=U4_1-4
Added Net: Name=NetR29_1_2
Added Pin To Net: NetName=NetR29_2_2 Pin=R29_2-2
Added Pin To Net: NetName=NetR29_2_2 Pin=U4_2-4
Added Net: Name=NetR29_2_2
Added Pin To Net: NetName=NetR30_1_2 Pin=R30_1-2
Added Pin To Net: NetName=NetR30_1_2 Pin=U5_1-4
Added Net: Name=NetR30_1_2
Added Pin To Net: NetName=NetR30_2_2 Pin=R30_2-2
Added Pin To Net: NetName=NetR30_2_2 Pin=U5_2-4
Added Net: Name=NetR30_2_2
Added Pin To Net: NetName=NetR31_1_2 Pin=R31_1-2
Added Pin To Net: NetName=NetR31_1_2 Pin=U6_1-4
Added Net: Name=NetR31_1_2
Added Pin To Net: NetName=NetR31_2_2 Pin=R31_2-2
Added Pin To Net: NetName=NetR31_2_2 Pin=U6_2-4
Added Net: Name=NetR31_2_2
Added Pin To Net: NetName=NetR32_1_2 Pin=R32_1-2
Added Pin To Net: NetName=NetR32_1_2 Pin=U7_1-4
Added Net: Name=NetR32_1_2
Added Pin To Net: NetName=NetR32_2_2 Pin=R32_2-2
Added Pin To Net: NetName=NetR32_2_2 Pin=U7_2-4
Added Net: Name=NetR32_2_2
Added Pin To Net: NetName=NetRE1_1_14 Pin=RE1_1-14
Added Pin To Net: NetName=NetRE1_1_14 Pin=RE2_1-8
Added Net: Name=NetRE1_1_14
Added Pin To Net: NetName=NetRE1_2_14 Pin=RE1_2-14
Added Pin To Net: NetName=NetRE1_2_14 Pin=RE2_2-8
Added Net: Name=NetRE1_2_14
Added Pin To Net: NetName=NetTR1_4 Pin=TR1-4
Added Pin To Net: NetName=NetTR1_4 Pin=TR1-9
Added Net: Name=NetTR1_4
Added Class: Name=1
Added Class: Name=2
Added Class: Name=DS214SD
Added Class: Name=14SD
Added Room: Name=1
Added Room: Name=2
Added Room: Name=DS214SD
